0 info it worked if it ends with ok
1 verbose cli [ '/usr/local/bin/node', '/usr/local/bin/npm', 'install' ]
2 info using npm@1.2.18
3 info using node@v0.8.23
4 verbose read json /Users/euforic/projects/bodhi/modules/nuimotion/package.json
5 verbose readDependencies using package.json deps
6 verbose install where, deps [ '/Users/euforic/projects/bodhi/modules/nuimotion', [] ]
7 verbose from cache /Users/euforic/projects/bodhi/modules/nuimotion/package.json
8 info preinstall nuimotion@0.1.1
9 verbose unsafe-perm in lifecycle true
10 silly exec sh "-c" "node-gyp configure build"
11 silly sh,-c,node-gyp configure build,/Users/euforic/projects/bodhi/modules/nuimotion spawning
12 info nuimotion@0.1.1 Failed to exec preinstall script
13 error nuimotion@0.1.1 preinstall: `node-gyp configure build`
13 error `sh "-c" "node-gyp configure build"` failed with 1
14 error Failed at the nuimotion@0.1.1 preinstall script.
14 error This is most likely a problem with the nuimotion package,
14 error not with npm itself.
14 error Tell the author that this fails on your system:
14 error     node-gyp configure build
14 error You can get their info via:
14 error     npm owner ls nuimotion
14 error There is likely additional logging output above.
15 error System Darwin 12.3.0
16 error command "/usr/local/bin/node" "/usr/local/bin/npm" "install"
17 error cwd /Users/euforic/projects/bodhi/modules/nuimotion
18 error node -v v0.8.23
19 error npm -v 1.2.18
20 error code ELIFECYCLE
21 verbose exit [ 1, true ]
